  dllmain.cpp
  hash.cpp
  CRijndael.cpp
  DoubleBuffering.cpp
  MessageDigest.cpp
  SHA.cpp
  ExternIP.cpp
  RevSpoofer.cpp
  StrUtils.cpp
  adler32.c
  compress.c
  crc32.c
  deflate.c
  gzclose.c
  gzlib.c
  gzread.c
  gzwrite.c
  infback.c
  inffast.c
  inflate.c
  inftrees.c
  trees.c
  uncompr.c
  zutil.c
  Previous IPDB not found, fall back to full compilation.
LINK : warning LNK4098: библиотека по умолчанию "LIBCMT" конфликтует с использованием других библиотек; используйте /NODEFAULTLIB:library
  Создание кода
  All 873 functions were compiled because no usable IPDB/IOBJ from previous compilation was found.
  Создание кода завершено
  CMemul1.vcxproj -> D:\Git\clientmod_emulator\Release\CM3Emul.dll
